<?xml version="1.0" encoding="UTF-8"?>
<testng-results skipped="0" failed="0" total="0" passed="0">
  <reporter-output>
  </reporter-output>
  <suite name="Weather_API" duration-ms="5" started-at="2019-11-12T11:55:56Z" finished-at="2019-11-12T11:55:56Z">
    <groups>
    </groups>
    <test name="WeatherAPI test Cases" duration-ms="5" started-at="2019-11-12T11:55:56Z" finished-at="2019-11-12T11:55:56Z">
    </test> <!-- WeatherAPI test Cases -->
  </suite> <!-- Weather_API -->
</testng-results>
